{
  "stats": {
    "suites": 1,
    "tests": 1,
    "passes": 0,
    "pending": 0,
    "failures": 1,
    "start": "2022-12-15T09:44:42.928Z",
    "end": "2022-12-15T09:44:47.242Z",
    "duration": 4314,
    "testsRegistered": 1,
    "passPercent": 0,
    "pendingPercent": 0,
    "other": 0,
    "hasOther": false,
    "skipped": 0,
    "hasSkipped": false
  },
  "results": [
    {
      "uuid": "d962ab90-9c3e-4efa-8c1b-c1477345db62",
      "title": "",
      "fullFile": "cypress/e2e/basic.cy.js",
      "file": "cypress/e2e/basic.cy.js",
      "beforeHooks": [],
      "afterHooks": [],
      "tests": [],
      "suites": [
        {
          "uuid": "1de6e9d9-1c99-4dc6-85b4-a337154e017e",
          "title": "Top Navigation in web & mobile",
          "fullFile": "",
          "file": "",
          "beforeHooks": [],
          "afterHooks": [],
          "tests": [
            {
              "title": "Verifies top nav has 4 options in desktop browser",
              "fullTitle": "Top Navigation in web & mobile Verifies top nav has 4 options in desktop browser",
              "timedOut": null,
              "duration": 4223,
              "state": "failed",
              "speed": null,
              "pass": false,
              "fail": true,
              "pending": false,
              "context": null,
              "code": "cy.get(\"div[class='.navbar__items']\").contains('a').should(\"have.attr\", \"href\") // .and(\"include\", \"/learn\")\n// .get(\".navbar__title\")\n// .contains(\"WaveMaker Docs\")\n.end(); //   var navElements = [\"Guide\", \"Widgets\", \"How-to\", \"Blog\", \"Releases\"];\n//   navElements.forEach(function (navItem) {\n//     cy.get(selectors.desktopNavElements)\n//       .contains(navItem)\n//       .should(\"be.visible\");\n//   });\n//   cy.get(selectors.navElementsFirstChild)\n//     .get(\".navbar__toggle\")\n//     .should(\"not.be.visible\");",
              "err": {
                "message": "AssertionError: Timed out retrying after 4000ms: Expected to find element: `div[class='.navbar__items']`, but never found it.",
                "estack": "AssertionError: Timed out retrying after 4000ms: Expected to find element: `div[class='.navbar__items']`, but never found it.\n    at Context.eval (webpack:///./cypress/e2e/basic.cy.js:18:7)",
                "diff": null
              },
              "uuid": "e3142fc7-ad63-43fe-86f8-f3d6681a7475",
              "parentUUID": "1de6e9d9-1c99-4dc6-85b4-a337154e017e",
              "isHook": false,
              "skipped": false
            }
          ],
          "suites": [],
          "passes": [],
          "failures": [
            "e3142fc7-ad63-43fe-86f8-f3d6681a7475"
          ],
          "pending": [],
          "skipped": [],
          "duration": 4223,
          "root": false,
          "rootEmpty": false,
          "_timeout": 2000
        }
      ],
      "passes": [],
      "failures": [],
      "pending": [],
      "skipped": [],
      "duration": 0,
      "root": true,
      "rootEmpty": true,
      "_timeout": 2000
    }
  ],
  "meta": {
    "mocha": {
      "version": "7.0.1"
    },
    "mochawesome": {
      "options": {
        "quiet": false,
        "reportFilename": "mochawesome",
        "saveHtml": false,
        "saveJson": true,
        "consoleReporter": "spec",
        "useInlineDiffs": false,
        "code": true
      },
      "version": "7.1.3"
    },
    "marge": {
      "options": {
        "reportDir": "cypress/report/mochawesome-report",
        "overwrite": false,
        "html": false,
        "json": true,
        "timestamp": "mmddyyyy_HHMMss"
      },
      "version": "6.2.0"
    }
  }
}