{
  "stats": {
    "suites": 2,
    "tests": 3,
    "passes": 3,
    "pending": 0,
    "failures": 0,
    "start": "2022-12-20T09:57:45.541Z",
    "end": "2022-12-20T09:58:03.396Z",
    "duration": 17855,
    "testsRegistered": 3,
    "passPercent": 100,
    "pendingPercent": 0,
    "other": 0,
    "hasOther": false,
    "skipped": 0,
    "hasSkipped": false
  },
  "results": [
    {
      "uuid": "cb08b88a-601f-44a5-a493-965c9a5eed64",
      "title": "",
      "fullFile": "cypress/e2e/basic.cy.js",
      "file": "cypress/e2e/basic.cy.js",
      "beforeHooks": [],
      "afterHooks": [],
      "tests": [],
      "suites": [
        {
          "uuid": "76e3523a-6996-471c-be77-c1b0f9ec0fa0",
          "title": "Top Navigation in web & mobile",
          "fullFile": "",
          "file": "",
          "beforeHooks": [],
          "afterHooks": [],
          "tests": [
            {
              "title": "Verifies top nav has 4 options in desktop browser",
              "fullTitle": "Top Navigation in web & mobile Verifies top nav has 4 options in desktop browser",
              "timedOut": null,
              "duration": 7085,
              "state": "passed",
              "speed": "medium",
              "pass": true,
              "fail": false,
              "pending": false,
              "context": null,
              "code": "cy.get(\".navbar__items > a\").should(\"have.attr\", \"href\").and(\"include\", \"/learn\").get(\".navbar__title\").contains(\"WaveMaker Docs\").end();\nvar navElements = [\"Guide\", \"Widgets\", \"How-to\", \"Blog\", \"Releases\"];\nnavElements.forEach(function (navItem) {\n  cy.get(selectors.desktopNavElements).contains(navItem).should(\"be.visible\");\n});\ncy.get(\".navbar__toggle\").should(\"not.be.visible\");",
              "err": {},
              "uuid": "24f0e60c-11d4-4d69-84b7-4e1f391c64a2",
              "parentUUID": "76e3523a-6996-471c-be77-c1b0f9ec0fa0",
              "isHook": false,
              "skipped": false
            },
            {
              "title": "Verifies that only Docs, Search is visible in the navbar in mobile",
              "fullTitle": "Top Navigation in web & mobile Verifies that only Docs, Search is visible in the navbar in mobile",
              "timedOut": null,
              "duration": 2635,
              "state": "passed",
              "speed": "fast",
              "pass": true,
              "fail": false,
              "pending": false,
              "context": null,
              "code": "cy.viewport(\"iphone-6\");\nvar hiddenNavElements = [\"Guide\", \"Widgets\", \"How-to\", \"Blog\", \"Releases\"];\nhiddenNavElements.forEach(function (navItem) {\n  cy.get(selectors.desktopNavElements).contains(navItem).should(\"not.be.visible\");\n});",
              "err": {},
              "uuid": "86102b34-9b78-4904-95e9-a8d4bcdbbbce",
              "parentUUID": "76e3523a-6996-471c-be77-c1b0f9ec0fa0",
              "isHook": false,
              "skipped": false
            }
          ],
          "suites": [],
          "passes": [
            "24f0e60c-11d4-4d69-84b7-4e1f391c64a2",
            "86102b34-9b78-4904-95e9-a8d4bcdbbbce"
          ],
          "failures": [],
          "pending": [],
          "skipped": [],
          "duration": 9720,
          "root": false,
          "rootEmpty": false,
          "_timeout": 2000
        },
        {
          "uuid": "d5dd0d8f-4b7b-4256-9424-3494717b07e5",
          "title": "Sign-in button take to right places",
          "fullFile": "",
          "file": "",
          "beforeHooks": [],
          "afterHooks": [],
          "tests": [
            {
              "title": "Verifies navigation elements in desktop",
              "fullTitle": "Sign-in button take to right places Verifies navigation elements in desktop",
              "timedOut": null,
              "duration": 7744,
              "state": "passed",
              "speed": "medium",
              "pass": true,
              "fail": false,
              "pending": false,
              "context": null,
              "code": "cy.get('.navbar__items > a:not(:first-child)').contains(\"Login\").should('have.attr', 'href').then(href => {\n  cy.origin(href, () => {\n    cy.visit('/', {\n      'failOnStatusCode': false\n    });\n    cy.get(\".signup-container\").contains(\"Login to\").end();\n  });\n});",
              "err": {},
              "uuid": "48e362e2-2c7a-4298-a4b3-b9c1dc90b2a9",
              "parentUUID": "d5dd0d8f-4b7b-4256-9424-3494717b07e5",
              "isHook": false,
              "skipped": false
            }
          ],
          "suites": [],
          "passes": [
            "48e362e2-2c7a-4298-a4b3-b9c1dc90b2a9"
          ],
          "failures": [],
          "pending": [],
          "skipped": [],
          "duration": 7744,
          "root": false,
          "rootEmpty": false,
          "_timeout": 2000
        }
      ],
      "passes": [],
      "failures": [],
      "pending": [],
      "skipped": [],
      "duration": 0,
      "root": true,
      "rootEmpty": true,
      "_timeout": 2000
    }
  ],
  "meta": {
    "mocha": {
      "version": "7.0.1"
    },
    "mochawesome": {
      "options": {
        "quiet": false,
        "reportFilename": "mochawesome",
        "saveHtml": false,
        "saveJson": true,
        "consoleReporter": "spec",
        "useInlineDiffs": false,
        "code": true
      },
      "version": "7.1.3"
    },
    "marge": {
      "options": {
        "reportDir": "cypress/report/mochawesome-report",
        "overwrite": false,
        "html": false,
        "json": true,
        "timestamp": "mmddyyyy_HHMMss"
      },
      "version": "6.2.0"
    }
  }
}