{
  "stats": {
    "suites": 1,
    "tests": 1,
    "passes": 0,
    "pending": 0,
    "failures": 1,
    "start": "2022-12-15T09:39:58.829Z",
    "end": "2022-12-15T09:40:03.234Z",
    "duration": 4405,
    "testsRegistered": 1,
    "passPercent": 0,
    "pendingPercent": 0,
    "other": 0,
    "hasOther": false,
    "skipped": 0,
    "hasSkipped": false
  },
  "results": [
    {
      "uuid": "76c1a7d7-c629-40b3-a9f5-b9bf907ff506",
      "title": "",
      "fullFile": "cypress/e2e/basic.cy.js",
      "file": "cypress/e2e/basic.cy.js",
      "beforeHooks": [],
      "afterHooks": [],
      "tests": [],
      "suites": [
        {
          "uuid": "4ef7f0c7-0e13-4dec-8e97-7c1911941a68",
          "title": "Top Navigation in web & mobile",
          "fullFile": "",
          "file": "",
          "beforeHooks": [],
          "afterHooks": [],
          "tests": [
            {
              "title": "Verifies top nav has 4 options in desktop browser",
              "fullTitle": "Top Navigation in web & mobile Verifies top nav has 4 options in desktop browser",
              "timedOut": null,
              "duration": 4296,
              "state": "failed",
              "speed": null,
              "pass": false,
              "fail": true,
              "pending": false,
              "context": null,
              "code": "cy.get(\".navbar__items>a\").should(\"have.attr\", \"href\").and(\"include\", \"/learn\").get(\".navbar__title\").contains(\"WaveMaker Docs\").end(); //   var navElements = [\"Guide\", \"Widgets\", \"How-to\", \"Blog\", \"Releases\"];\n//   navElements.forEach(function (navItem) {\n//     cy.get(selectors.desktopNavElements)\n//       .contains(navItem)\n//       .should(\"be.visible\");\n//   });\n//   cy.get(selectors.navElementsFirstChild)\n//     .get(\".navbar__toggle\")\n//     .should(\"not.be.visible\");",
              "err": {
                "message": "AssertionError: Timed out retrying after 4000ms: Expected to find element: `.navbar__items>a`, but never found it.",
                "estack": "AssertionError: Timed out retrying after 4000ms: Expected to find element: `.navbar__items>a`, but never found it.\n    at Context.eval (webpack:///./cypress/e2e/basic.cy.js:19:7)",
                "diff": null
              },
              "uuid": "7ea7c974-5223-4f4e-9cf0-7c1b212c5d09",
              "parentUUID": "4ef7f0c7-0e13-4dec-8e97-7c1911941a68",
              "isHook": false,
              "skipped": false
            }
          ],
          "suites": [],
          "passes": [],
          "failures": [
            "7ea7c974-5223-4f4e-9cf0-7c1b212c5d09"
          ],
          "pending": [],
          "skipped": [],
          "duration": 4296,
          "root": false,
          "rootEmpty": false,
          "_timeout": 2000
        }
      ],
      "passes": [],
      "failures": [],
      "pending": [],
      "skipped": [],
      "duration": 0,
      "root": true,
      "rootEmpty": true,
      "_timeout": 2000
    }
  ],
  "meta": {
    "mocha": {
      "version": "7.0.1"
    },
    "mochawesome": {
      "options": {
        "quiet": false,
        "reportFilename": "mochawesome",
        "saveHtml": false,
        "saveJson": true,
        "consoleReporter": "spec",
        "useInlineDiffs": false,
        "code": true
      },
      "version": "7.1.3"
    },
    "marge": {
      "options": {
        "reportDir": "cypress/report/mochawesome-report",
        "overwrite": false,
        "html": false,
        "json": true,
        "timestamp": "mmddyyyy_HHMMss"
      },
      "version": "6.2.0"
    }
  }
}