{
  "stats": {
    "suites": 2,
    "tests": 3,
    "passes": 3,
    "pending": 0,
    "failures": 0,
    "start": "2023-01-09T16:07:47.378Z",
    "end": "2023-01-09T16:08:13.914Z",
    "duration": 26536,
    "testsRegistered": 3,
    "passPercent": 100,
    "pendingPercent": 0,
    "other": 0,
    "hasOther": false,
    "skipped": 0,
    "hasSkipped": false
  },
  "results": [
    {
      "uuid": "e0fc1294-5dec-4299-a9b5-095accc733b9",
      "title": "",
      "fullFile": "cypress/e2e/basic.cy.js",
      "file": "cypress/e2e/basic.cy.js",
      "beforeHooks": [],
      "afterHooks": [],
      "tests": [],
      "suites": [
        {
          "uuid": "d18b7a3b-f266-4c71-8d77-afc41bfb53d8",
          "title": "Top Navigation in web & mobile",
          "fullFile": "",
          "file": "",
          "beforeHooks": [],
          "afterHooks": [],
          "tests": [
            {
              "title": "Verifies top nav has 4 options in desktop browser",
              "fullTitle": "Top Navigation in web & mobile Verifies top nav has 4 options in desktop browser",
              "timedOut": null,
              "duration": 3886,
              "state": "passed",
              "speed": "fast",
              "pass": true,
              "fail": false,
              "pending": false,
              "context": null,
              "code": "cy.get(\".navbar__items > a\").should(\"have.attr\", \"href\").and(\"include\", \"/learn\").get(\".navbar__title\").contains(\"WaveMaker Docs\").end();\nvar navElements = [\"Guide\", \"Widgets\", \"How-to\", \"Blog\", \"Releases\"];\nnavElements.forEach(function (navItem) {\n  cy.get(selectors.desktopNavElements).contains(navItem).should(\"be.visible\");\n});\ncy.get(\".navbar__toggle\").should(\"not.be.visible\");",
              "err": {},
              "uuid": "1bb0380f-d517-4517-8705-ee54c114a54a",
              "parentUUID": "d18b7a3b-f266-4c71-8d77-afc41bfb53d8",
              "isHook": false,
              "skipped": false
            },
            {
              "title": "Verifies that only Docs, Search is visible in the navbar in mobile",
              "fullTitle": "Top Navigation in web & mobile Verifies that only Docs, Search is visible in the navbar in mobile",
              "timedOut": null,
              "duration": 1247,
              "state": "passed",
              "speed": "fast",
              "pass": true,
              "fail": false,
              "pending": false,
              "context": null,
              "code": "cy.viewport(\"iphone-6\");\nvar hiddenNavElements = [\"Guide\", \"Widgets\", \"How-to\", \"Blog\", \"Releases\"];\nhiddenNavElements.forEach(function (navItem) {\n  cy.get(selectors.desktopNavElements).contains(navItem).should(\"not.be.visible\");\n});",
              "err": {},
              "uuid": "22024abd-1d21-4925-b629-d18ae93f47c0",
              "parentUUID": "d18b7a3b-f266-4c71-8d77-afc41bfb53d8",
              "isHook": false,
              "skipped": false
            }
          ],
          "suites": [],
          "passes": [
            "1bb0380f-d517-4517-8705-ee54c114a54a",
            "22024abd-1d21-4925-b629-d18ae93f47c0"
          ],
          "failures": [],
          "pending": [],
          "skipped": [],
          "duration": 5133,
          "root": false,
          "rootEmpty": false,
          "_timeout": 2000
        },
        {
          "uuid": "72f4bce9-10f2-4cbc-982a-f93d87ac64b3",
          "title": "Sign-in button take to right places",
          "fullFile": "",
          "file": "",
          "beforeHooks": [],
          "afterHooks": [],
          "tests": [
            {
              "title": "Verifies navigation elements in desktop",
              "fullTitle": "Sign-in button take to right places Verifies navigation elements in desktop",
              "timedOut": null,
              "duration": 21171,
              "state": "passed",
              "speed": "slow",
              "pass": true,
              "fail": false,
              "pending": false,
              "context": null,
              "code": "cy.get('.navbar__items > a:not(:first-child)').contains(\"Login\").should('have.attr', 'href').then(href => {\n  cy.origin(href, () => {\n    cy.visit('/', {\n      'failOnStatusCode': false\n    });\n    cy.get(\".signup-container\").contains(\"Login to\").end();\n  });\n});",
              "err": {},
              "uuid": "f03a8317-46ba-48db-815e-579083148f92",
              "parentUUID": "72f4bce9-10f2-4cbc-982a-f93d87ac64b3",
              "isHook": false,
              "skipped": false
            }
          ],
          "suites": [],
          "passes": [
            "f03a8317-46ba-48db-815e-579083148f92"
          ],
          "failures": [],
          "pending": [],
          "skipped": [],
          "duration": 21171,
          "root": false,
          "rootEmpty": false,
          "_timeout": 2000
        }
      ],
      "passes": [],
      "failures": [],
      "pending": [],
      "skipped": [],
      "duration": 0,
      "root": true,
      "rootEmpty": true,
      "_timeout": 2000
    }
  ],
  "meta": {
    "mocha": {
      "version": "7.0.1"
    },
    "mochawesome": {
      "options": {
        "quiet": false,
        "reportFilename": "mochawesome",
        "saveHtml": false,
        "saveJson": true,
        "consoleReporter": "spec",
        "useInlineDiffs": false,
        "code": true
      },
      "version": "7.1.3"
    },
    "marge": {
      "options": {
        "reportDir": "cypress/report/mochawesome-report",
        "overwrite": false,
        "html": false,
        "json": true,
        "timestamp": "mmddyyyy_HHMMss"
      },
      "version": "6.2.0"
    }
  }
}