{
  "stats": {
    "suites": 2,
    "tests": 3,
    "passes": 3,
    "pending": 0,
    "failures": 0,
    "start": "2022-12-20T12:08:02.302Z",
    "end": "2022-12-20T12:08:39.715Z",
    "duration": 37413,
    "testsRegistered": 3,
    "passPercent": 100,
    "pendingPercent": 0,
    "other": 0,
    "hasOther": false,
    "skipped": 0,
    "hasSkipped": false
  },
  "results": [
    {
      "uuid": "c63332a6-9d8f-44d6-8126-d2139f66e641",
      "title": "",
      "fullFile": "cypress/e2e/basic.cy.js",
      "file": "cypress/e2e/basic.cy.js",
      "beforeHooks": [],
      "afterHooks": [],
      "tests": [],
      "suites": [
        {
          "uuid": "9c75c02e-f9a4-4303-bd8e-5e5693e42dac",
          "title": "Top Navigation in web & mobile",
          "fullFile": "",
          "file": "",
          "beforeHooks": [],
          "afterHooks": [],
          "tests": [
            {
              "title": "Verifies top nav has 4 options in desktop browser",
              "fullTitle": "Top Navigation in web & mobile Verifies top nav has 4 options in desktop browser",
              "timedOut": null,
              "duration": 5018,
              "state": "passed",
              "speed": "medium",
              "pass": true,
              "fail": false,
              "pending": false,
              "context": null,
              "code": "cy.get(\".navbar__items > a\").should(\"have.attr\", \"href\").and(\"include\", \"/learn\").get(\".navbar__title\").contains(\"WaveMaker Docs\").end();\nvar navElements = [\"Guide\", \"Widgets\", \"How-to\", \"Blog\", \"Releases\"];\nnavElements.forEach(function (navItem) {\n  cy.get(selectors.desktopNavElements).contains(navItem).should(\"be.visible\");\n});\ncy.get(\".navbar__toggle\").should(\"not.be.visible\");",
              "err": {},
              "uuid": "23b27036-fe13-4c70-b558-747cc132628a",
              "parentUUID": "9c75c02e-f9a4-4303-bd8e-5e5693e42dac",
              "isHook": false,
              "skipped": false
            },
            {
              "title": "Verifies that only Docs, Search is visible in the navbar in mobile",
              "fullTitle": "Top Navigation in web & mobile Verifies that only Docs, Search is visible in the navbar in mobile",
              "timedOut": null,
              "duration": 3869,
              "state": "passed",
              "speed": "fast",
              "pass": true,
              "fail": false,
              "pending": false,
              "context": null,
              "code": "cy.viewport(\"iphone-6\");\nvar hiddenNavElements = [\"Guide\", \"Widgets\", \"How-to\", \"Blog\", \"Releases\"];\nhiddenNavElements.forEach(function (navItem) {\n  cy.get(selectors.desktopNavElements).contains(navItem).should(\"not.be.visible\");\n});",
              "err": {},
              "uuid": "a347a560-508b-48f9-852f-01102e3f8b19",
              "parentUUID": "9c75c02e-f9a4-4303-bd8e-5e5693e42dac",
              "isHook": false,
              "skipped": false
            }
          ],
          "suites": [],
          "passes": [
            "23b27036-fe13-4c70-b558-747cc132628a",
            "a347a560-508b-48f9-852f-01102e3f8b19"
          ],
          "failures": [],
          "pending": [],
          "skipped": [],
          "duration": 8887,
          "root": false,
          "rootEmpty": false,
          "_timeout": 2000
        },
        {
          "uuid": "d5a27e7b-8453-4ed7-abe7-c84e61be9dba",
          "title": "Sign-in button take to right places",
          "fullFile": "",
          "file": "",
          "beforeHooks": [],
          "afterHooks": [],
          "tests": [
            {
              "title": "Verifies navigation elements in desktop",
              "fullTitle": "Sign-in button take to right places Verifies navigation elements in desktop",
              "timedOut": null,
              "duration": 27246,
              "state": "passed",
              "speed": "slow",
              "pass": true,
              "fail": false,
              "pending": false,
              "context": null,
              "code": "cy.get('.navbar__items > a:not(:first-child)').contains(\"Login\").should('have.attr', 'href').then(href => {\n  cy.origin(href, () => {\n    cy.visit('/', {\n      'failOnStatusCode': false\n    });\n    cy.get(\".signup-container\").contains(\"Login to\").end();\n  });\n});",
              "err": {},
              "uuid": "3c08656a-d526-4b52-8bb7-306f20b1fd4e",
              "parentUUID": "d5a27e7b-8453-4ed7-abe7-c84e61be9dba",
              "isHook": false,
              "skipped": false
            }
          ],
          "suites": [],
          "passes": [
            "3c08656a-d526-4b52-8bb7-306f20b1fd4e"
          ],
          "failures": [],
          "pending": [],
          "skipped": [],
          "duration": 27246,
          "root": false,
          "rootEmpty": false,
          "_timeout": 2000
        }
      ],
      "passes": [],
      "failures": [],
      "pending": [],
      "skipped": [],
      "duration": 0,
      "root": true,
      "rootEmpty": true,
      "_timeout": 2000
    }
  ],
  "meta": {
    "mocha": {
      "version": "7.0.1"
    },
    "mochawesome": {
      "options": {
        "quiet": false,
        "reportFilename": "mochawesome",
        "saveHtml": false,
        "saveJson": true,
        "consoleReporter": "spec",
        "useInlineDiffs": false,
        "code": true
      },
      "version": "7.1.3"
    },
    "marge": {
      "options": {
        "reportDir": "cypress/report/mochawesome-report",
        "overwrite": false,
        "html": false,
        "json": true,
        "timestamp": "mmddyyyy_HHMMss"
      },
      "version": "6.2.0"
    }
  }
}